<?xml version="1.0" encoding="UTF-8"?>
<testsuite xmlns:xsi="http://www.w3.org/2001/XMLSchema-instance" xsi:noNamespaceSchemaLocation="https://maven.apache.org/surefire/maven-surefire-plugin/xsd/surefire-test-report-3.0.xsd" version="3.0" name="com.inetbanking.testCases.JUnit_TestSuite" time="27.82" tests="2" errors="0" skipped="0" failures="0">
  <properties>
[...]
</properties>
  <testcase name="loginTest[0]" classname="com.inetbanking.testCases.TC_LoginTest_001" time="7.203">
    <system-out><![CDATA[ INFO [main] (TC_LoginTest_001.java:22) - URL is Opened
 INFO [main] (TC_LoginTest_001.java:26) - Entered Username
 INFO [main] (TC_LoginTest_001.java:29) - Entered Password
 INFO [main] (TC_LoginTest_001.java:36) - Login Test Passed
]]></system-out>
    <system-err><![CDATA[Apr 10, 2024 5:58:08 PM org.openqa.selenium.devtools.CdpVersionFinder findNearestMatch
WARNING: Unable to find an exact match for CDP version 123, returning the closest version; found: 122; Please update to a Selenium version that supports CDP version 123
]]></system-err>
  </testcase>
  <testcase name="addNewCustomer[0]" classname="com.inetbanking.testCases.TC_AddCustomerTest_003" time="20.57">
    <system-out><![CDATA[ INFO [main] (TC_AddCustomerTest_003.java:34) - Providing customer details...
 INFO [main] (TC_AddCustomerTest_003.java:37) - 1
 INFO [main] (TC_AddCustomerTest_003.java:40) - 2
 INFO [main] (TC_AddCustomerTest_003.java:43) - 3
 INFO [main] (TC_AddCustomerTest_003.java:47) - 4
 INFO [main] (TC_AddCustomerTest_003.java:50) - 5
 INFO [main] (TC_AddCustomerTest_003.java:53) - 6
 INFO [main] (TC_AddCustomerTest_003.java:56) - 7
 INFO [main] (TC_AddCustomerTest_003.java:59) - 8
 INFO [main] (TC_AddCustomerTest_003.java:63) - 9
 INFO [main] (TC_AddCustomerTest_003.java:70) - Assert Validation Started...
 INFO [main] (TC_AddCustomerTest_003.java:76) - Test Case 003 Passed
]]></system-out>
    <system-err><![CDATA[Apr 10, 2024 5:58:15 PM org.openqa.selenium.devtools.CdpVersionFinder findNearestMatch
WARNING: Unable to find an exact match for CDP version 123, returning the closest version; found: 122; Please update to a Selenium version that supports CDP version 123
]]></system-err>
  </testcase>
</testsuite>